client/android/app/build/outputs/mapping/release/seeds.txt
com.snapchat.MainActivity
com.snapchat.MainActivity: MainActivity()
com.snapchat.MainApplication
com.snapchat.MainApplication: MainApplication()
com.snapchat.R$anim: int abc_fade_in
com.snapchat.R$anim: int abc_fade_out
com.snapchat.R$anim: int abc_grow_fade_in_from_bottom
com.snapchat.R$anim: int abc_popup_enter
com.snapchat.R$anim: int abc_popup_exit
com.snapchat.R$anim: int abc_shrink_fade_out_from_bottom
com.snapchat.R$anim: int abc_slide_in_bottom
com.snapchat.R$anim: int abc_slide_in_top
com.snapchat.R$anim: int abc_slide_out_bottom
com.snapchat.R$anim: int abc_slide_out_top
com.snapchat.R$anim: int abc_tooltip_enter
com.snapchat.R$anim: int abc_tooltip_exit
com.snapchat.R$anim: int catalyst_fade_in
com.snapchat.R$anim: int catalyst_fade_out
com.snapchat.R$anim: int catalyst_push_up_in
com.snapchat.R$anim: int catalyst_push_up_out
com.snapchat.R$anim: int catalyst_slide_down
com.snapchat.R$anim: int catalyst_slide_up
com.snapchat.R$attr: int actionBarDivider
com.snapchat.R$attr: int actionBarItemBackground
com.snapchat.R$attr: int actionBarPopupTheme
com.snapchat.R$attr: int actionBarSize
com.snapchat.R$attr: int actionBarSplitStyle
com.snapchat.R$attr: int actionBarStyle
com.snapchat.R$attr: int actionBarTabBarStyle
com.snapchat.R$attr: int actionBarTabStyle
com.snapchat.R$attr: int actionBarTabTextStyle
com.snapchat.R$attr: int actionBarTheme
com.snapchat.R$attr: int actionBarWidgetTheme
com.snapchat.R$attr: int actionButtonStyle
com.snapchat.R$attr: int actionDropDownStyle
com.snapchat.R$attr: int actionLayout
com.snapchat.R$attr: int actionMenuTextAppearance
com.snapchat.R$attr: int actionMenuTextColor
com.snapchat.R$attr: int actionModeBackground
com.snapchat.R$attr: int actionModeCloseButtonStyle
com.snapchat.R$attr: int actionModeCloseDrawable
com.snapchat.R$attr: int actionModeCopyDrawable
com.snapchat.R$attr: int actionModeCutDrawable
com.snapchat.R$attr: int actionModeFindDrawable
com.snapchat.R$attr: int actionModePasteDrawable
com.snapchat.R$attr: int actionModePopupWindowStyle
com.snapchat.R$attr: int actionModeSelectAllDrawable
com.snapchat.R$attr: int actionModeShareDrawable
com.snapchat.R$attr: int actionModeSplitBackground
com.snapchat.R$attr: int actionModeStyle
com.snapchat.R$attr: int actionModeWebSearchDrawable
com.snapchat.R$attr: int actionOverflowButtonStyle
com.snapchat.R$attr: int actionOverflowMenuStyle
com.snapchat.R$attr: int actionProviderClass
com.snapchat.R$bool: int abc_action_bar_embed_tabs
com.snapchat.R$bool: int abc_allow_stacked_button_bar
com.snapchat.R$bool: int abc_config_actionMenuItemAllCaps
...
com.google.android.exoplayer2.ui.DefaultTimeBar
com.google.android.exoplayer2.ui.DefaultTimeBar: DefaultTimeBar(android.content.Context,android.util.AttributeSet)
com.google.android.exoplayer2.ui.DefaultTimeBar: void setPlayedColor(int)
com.google.android.exoplayer2.ui.DefaultTimeBar: void setScrubberColor(int)
com.google.android.exoplayer2.ui.DefaultTimeBar: void setBufferedColor(int)
com.google.android.exoplayer2.ui.DefaultTimeBar: void setUnplayedColor(int)
com.google.android.exoplayer2.ui.DefaultTimeBar: void setAdMarkerColor(int)
com.google.android.exoplayer2.ui.DefaultTimeBar: void setPlayedAdMarkerColor(int)
com.google.android.exoplayer2.ui.DefaultTimeBar: void setKeyTimeIncrement(long)
com.google.android.exoplayer2.ui.DefaultTimeBar: void setKeyCountIncrement(int)
com.google.android.exoplayer2.ui.DefaultTimeBar: void setPosition(long)
com.google.android.exoplayer2.ui.DefaultTimeBar: void setBufferedPosition(long)
com.google.android.exoplayer2.ui.DefaultTimeBar: void setDuration(long)
com.google.android.exoplayer2.ui.DefaultTimeBar: void setEnabled(boolean)
com.google.android.exoplayer2.ui.DefaultTimeBar: long getScrubberPosition()
com.google.android.exoplayer2.ui.DefaultTimeBar: java.lang.String getProgressText()
com.google.android.exoplayer2.ui.DefaultTimeBar: long getPositionIncrement()
com.google.android.exoplayer2.ui.PlayerControlView: com.google.android.exoplayer2.Player getPlayer()
com.google.android.exoplayer2.ui.PlayerControlView: void setPlayer(com.google.android.exoplayer2.Player)
com.google.android.exoplayer2.ui.PlayerControlView: void setShowMultiWindowTimeBar(boolean)
com.google.android.exoplayer2.ui.PlayerControlView: void setVisibilityListener(com.google.android.exoplayer2.ui.PlayerControlView$VisibilityListener)
com.google.android.exoplayer2.ui.PlayerControlView: void setPlaybackPreparer(com.google.android.exoplayer2.PlaybackPreparer)
com.google.android.exoplayer2.ui.PlayerControlView: void setControlDispatcher(com.google.android.exoplayer2.ControlDispatcher)
com.google.android.exoplayer2.ui.PlayerControlView: void setRewindIncrementMs(int)
com.google.android.exoplayer2.ui.PlayerControlView: void setFastForwardIncrementMs(int)
com.google.android.exoplayer2.ui.PlayerControlView: int getShowTimeoutMs()
com.google.android.exoplayer2.ui.PlayerControlView: void setShowTimeoutMs(int)
com.google.android.exoplayer2.ui.PlayerControlView: int getRepeatToggleModes()
com.google.android.exoplayer2.ui.PlayerControlView: void setRepeatToggleModes(int)
com.google.android.exoplayer2.ui.PlayerControlView: boolean getShowShuffleButton()
com.google.android.exoplayer2.ui.PlayerControlView: void setShowShuffleButton(boolean)