client/android/app/build/outputs/mapping/release/mapping.txt
com.snapchat.MainActivity -> com.snapchat.MainActivity:
    void <init>() -> <init>
    java.lang.String getMainComponentName() -> k
    com.facebook.react.ReactActivityDelegate createReactActivityDelegate() -> l
com.snapchat.MainActivity$1 -> com.snapchat.MainActivity$1:
    com.snapchat.MainActivity this$0 -> a
    void <init>(com.snapchat.MainActivity,com.facebook.react.ReactActivity,java.lang.String) -> <init>
    com.facebook.react.ReactRootView createRootView() -> b
com.snapchat.MainApplication -> com.snapchat.MainApplication:
    com.facebook.react.ReactNativeHost mReactNativeHost -> a
    void <init>() -> <init>
    com.facebook.react.ReactNativeHost getReactNativeHost() -> a
    void onCreate() -> onCreate
com.snapchat.MainApplication$1 -> com.snapchat.MainApplication$1:
    com.snapchat.MainApplication this$0 -> a
    void <init>(com.snapchat.MainApplication,android.app.Application) -> <init>
    boolean getUseDeveloperSupport() -> k
    java.util.List getPackages() -> l
    java.lang.String getJSMainModuleName() -> h
...
com.facebook.react.modules.datepicker.DatePickerDialogFragment$1 -> com.facebook.react.modules.datepicker.a$1:
    int[] $SwitchMap$com$facebook$react$modules$datepicker$DatePickerMode -> a
    void <clinit>() -> <clinit>
com.facebook.react.modules.datepicker.DatePickerDialogModule -> com.facebook.react.modules.datepicker.DatePickerDialogModule:
    java.lang.String FRAGMENT_TAG -> FRAGMENT_TAG
    java.lang.String ERROR_NO_ACTIVITY -> ERROR_NO_ACTIVITY
    java.lang.String ARG_DATE -> ARG_DATE
    java.lang.String ARG_MINDATE -> ARG_MINDATE
    java.lang.String ARG_MAXDATE -> ARG_MAXDATE
    java.lang.String ARG_MODE -> ARG_MODE
    java.lang.String ACTION_DATE_SET -> ACTION_DATE_SET
    java.lang.String ACTION_DISMISSED -> ACTION_DISMISSED
    void <init>(com.facebook.react.bridge.ReactApplicationContext) -> <init>
    java.lang.String getName() -> getName
    void open(com.facebook.react.bridge.ReadableMap,com.facebook.react.bridge.Promise) -> open
    android.os.Bundle createFragmentArguments(com.facebook.react.bridge.ReadableMap) -> createFragmentArguments
    com.facebook.react.bridge.ReactApplicationContext access$000(com.facebook.react.modules.datepicker.DatePickerDialogModule) -> access$000
    com.facebook.react.bridge.ReactApplicationContext access$100(com.facebook.react.modules.datepicker.DatePickerDialogModule) -> access$100
com.facebook.react.modules.datepicker.DatePickerDialogModule$DatePickerDialogListener -> com.facebook.react.modules.datepicker.DatePickerDialogModule$a:
    com.facebook.react.bridge.Promise mPromise -> b
    boolean mPromiseResolved -> c
    com.facebook.react.modules.datepicker.DatePickerDialogModule this$0 -> a
    void <init>(com.facebook.react.modules.datepicker.DatePickerDialogModule,com.facebook.react.bridge.Promise) -> <init>
    void onDateSet(android.widget.DatePicker,int,int,int) -> onDateSet
    void onDismiss(android.content.DialogInterface) -> onDismiss
com.facebook.react.modules.datepicker.DatePickerMode -> com.facebook.react.modules.datepicker.b:
    com.facebook.react.modules.datepicker.DatePickerMode CALENDAR -> a
    com.facebook.react.modules.datepicker.DatePickerMode SPINNER -> b
    com.facebook.react.modules.datepicker.DatePickerMode DEFAULT -> c
    com.facebook.react.modules.datepicker.DatePickerMode[] $VALUES -> d
    com.facebook.react.modules.datepicker.DatePickerMode[] values() -> values
    com.facebook.react.modules.datepicker.DatePickerMode valueOf(java.lang.String) -> valueOf
    void <init>(java.lang.String,int) -> <init>
    void <clinit>() -> <clinit>
com.facebook.react.modules.datepicker.DismissableDatePickerDialog -> com.facebook.react.modules.datepicker.c:
    void <init>(android.content.Context,android.app.DatePickerDialog$OnDateSetListener,int,int,int) -> <init>
    void <init>(android.content.Context,int,android.app.DatePickerDialog$OnDateSetListener,int,int,int) -> <init>
    void onStop() -> onStop
com.facebook.react.modules.debug.AnimationsDebugModule -> com.facebook.react.modules.debug.AnimationsDebugModule:
    java.lang.String NAME -> NAME
    com.facebook.react.modules.debug.FpsDebugFrameCallback mFrameCallback -> mFrameCallback
    com.facebook.react.modules.debug.interfaces.DeveloperSettings mCatalystSettings -> mCatalystSettings
    void <init>(com.facebook.react.bridge.ReactApplicationContext,com.facebook.react.modules.debug.interfaces.DeveloperSettings) -> <init>
    java.lang.String getName() -> getName
    void startRecordingFps() -> startRecordingFps
    void stopRecordingFps(double) -> stopRecordingFps
    void onCatalystInstanceDestroy() -> onCatalystInstanceDestroy