client/android/app/build/outputs/mapping/release/usage.txt
com.snapchat.BuildConfig
com.snapchat.R
com.snapchat.R$anim
com.snapchat.R$attr
com.snapchat.R$bool
com.snapchat.R$color
com.snapchat.R$dimen
com.snapchat.R$drawable
com.snapchat.R$id
com.snapchat.R$integer
com.snapchat.R$layout
com.snapchat.R$mipmap
com.snapchat.R$string
com.snapchat.R$style
com.snapchat.R$styleable
com.snapchat.R$xml
...
com.facebook.drawee.drawable.ProgressBarDrawable
com.facebook.drawee.drawable.Rounded:
    public abstract boolean isCircle()
    public abstract float[] getRadii()
    public abstract int getBorderColor()
    public abstract float getBorderWidth()
    public abstract float getPadding()
    public abstract boolean getScaleDownInsideBorders()
com.facebook.drawee.drawable.RoundedBitmapDrawable:
    40:41:public RoundedBitmapDrawable(android.content.res.Resources,android.graphics.Bitmap)
    85:85:public static com.facebook.drawee.drawable.RoundedBitmapDrawable fromBitmapDrawable(android.content.res.Resources,android.graphics.drawable.BitmapDrawable)
    113:113:android.graphics.Paint getPaint()
com.facebook.drawee.drawable.RoundedColorDrawable:
    69:71:public RoundedColorDrawable(float[],int)
    80:82:public RoundedColorDrawable(float,int)
    118:118:public boolean isCircle()
    142:142:public float[] getRadii()
    174:174:public int getColor()
    199:199:public int getBorderColor()
    205:205:public float getBorderWidth()
    220:220:public float getPadding()
    240:240:public boolean getScaleDownInsideBorders()
com.facebook.drawee.drawable.RoundedCornersDrawable:
    75:77:public void setType(com.facebook.drawee.drawable.RoundedCornersDrawable$Type)
    94:94:public boolean isCircle()
    131:131:public float[] getRadii()
    146:146:public int getOverlayColor()
    165:165:public int getBorderColor()
    171:171:public float getBorderWidth()
    184:184:public float getPadding()
    202:202:public boolean getScaleDownInsideBorders()
com.facebook.drawee.drawable.RoundedDrawable:
    91:91:public boolean isCircle()
    134:134:public float[] getRadii()
    155:155:public int getBorderColor()
    161:161:public float getBorderWidth()
    180:180:public float getPadding()
    200:200:public boolean getScaleDownInsideBorders()
com.facebook.drawee.drawable.ScaleTypeDrawable:
    92:92:public android.graphics.PointF getFocusPoint()
com.facebook.drawee.drawable.ScalingUtils:
    19:19:public ScalingUtils()
com.facebook.drawee.drawable.ScalingUtils$InterpolatingScaleType
com.facebook.drawee.generic.GenericDraweeHierarchy:
    private static final int BACKGROUND_IMAGE_INDEX
    private static final int PLACEHOLDER_IMAGE_INDEX
    private static final int ACTUAL_IMAGE_INDEX
    private static final int PROGRESS_BAR_IMAGE_INDEX
    private static final int RETRY_IMAGE_INDEX
    private static final int FAILURE_IMAGE_INDEX
    private static final int OVERLAY_IMAGES_INDEX
    365:366:private boolean hasScaleTypeDrawableAtIndex(int)
    378:378:public int getFadeDuration()
    383:385:public void setActualImageFocusPoint(android.graphics.PointF)
    394:397:public com.facebook.drawee.drawable.ScalingUtils$ScaleType getActualImageScaleType()
    402:403:public void setActualImageColorFilter(android.graphics.ColorFilter)
    407:408:public void getActualImageBounds(android.graphics.RectF)
    412:413:public void setPlaceholderImage(android.graphics.drawable.Drawable)
    425:425:public boolean hasPlaceholderImage()
    430:432:public void setPlaceholderImageFocusPoint(android.graphics.PointF)
    440:441:public void setPlaceholderImage(int)
    450:451:public void setPlaceholderImage(int,com.facebook.drawee.drawable.ScalingUtils$ScaleType)
    455:456:public void setFailureImage(android.graphics.drawable.Drawable)
    460:462:public void setFailureImage(android.graphics.drawable.Drawable,com.facebook.drawee.drawable.ScalingUtils$ScaleType)
    470:471:public void setFailureImage(int)